This is pdfTeX, Version 3.14159265-2.6-1.40.21 (TeX Live 2020/Debian) (preloaded format=latex 2020.9.12)  5 APR 2021 11:52
entering extended mode
 restricted \write18 enabled.
 %&-line parsing enabled.
**zaver.tex
(./zaver.tex
LaTeX2e <2020-02-02> patch level 5
L3 programming layer <2020-07-17>
! Undefined control sequence.
l.1 \chapter
            *{Závěr}
The control sequence at the end of the top line
of your error message was never \def'ed. If you have
misspelled it (e.g., `\hobx'), type `I' and the correct
spelling (e.g., `I\hbox'). Otherwise just continue,
and I'll forget about whatever was undefined.


! LaTeX Error: Missing \begin{document}.

See the LaTeX manual or LaTeX Companion for explanation.
Type  H <return>  for immediate help.
 ...                                              
                                                  
l.1 \chapter*
             {Závěr}
You're in trouble here.  Try typing  <return>  to proceed.
If that doesn't work, type  X <return>  to quit.

Missing character: There is no * in font nullfont!
Missing character: There is no Z in font nullfont!
LaTeX Font Info:    Trying to load font information for +cmr on input line 1.
LaTeX Font Info:    No file cmr.fd. on input line 1.

LaTeX Font Warning: Font shape `/cmr/m/n' undefined
(Font)              using `/cmr/m/n' instead on input line 1.

! Corrupted NFSS tables.
wrong@fontshape ...message {Corrupted NFSS tables}
                                                  error@fontshape else let f...
l.1 \chapter*{Zá
                 věr}
This error message was generated by an \errmessage
command, so I can't give any explicit help.
Pretend that you're Hercule Poirot: Examine all clues,
and deduce the truth by order and method.


LaTeX Font Warning: Font shape `/cmr/m/n' undefined
(Font)              using `OT1/cmr/m/n' instead on input line 1.

Missing character: There is no v in font nullfont!
Missing character: There is no r in font nullfont!

Overfull \hbox (34.44447pt too wide) in paragraph at lines 1--3
[]\/cmr/m/n/10 ^^Sa^^Te
 []

)
! Emergency stop.
<*> zaver.tex
             
*** (job aborted, no legal \end found)

 
Here is how much of TeX's memory you used:
 27 strings out of 482812
 451 string characters out of 5955766
 237627 words of memory out of 5000000
 15479 multiletter control sequences out of 15000+600000
 535088 words of font info for 29 fonts, out of 8000000 for 9000
 36 hyphenation exceptions out of 8191
 17i,1n,16p,59b,91s stack positions out of 5000i,500n,10000p,200000b,80000s
No pages of output.
